<?xml version="1.0" encoding="UTF-8"?>
<testng-results skipped="0" failed="0" total="1" passed="1">
  <reporter-output>
  </reporter-output>
  <suite name="Default suite" duration-ms="5957" started-at="2019-08-17T16:47:10Z" finished-at="2019-08-17T16:47:16Z">
    <groups>
    </groups>
    <test name="Default test" duration-ms="5957" started-at="2019-08-17T16:47:10Z" finished-at="2019-08-17T16:47:16Z">
      <class name="APITesting.com.org.api.WeatherGetRequest">
        <test-method status="PASS" signature="Test_01()[pri:0, instance:APITesting.com.org.api.WeatherGetRequest@a4a92b]" name="Test_01" duration-ms="5906" started-at="2019-08-17T18:47:10Z" finished-at="2019-08-17T18:47:16Z">
          <reporter-output>
          </reporter-output>
        </test-method> <!-- Test_01 -->
      </class> <!-- APITesting.com.org.api.WeatherGetRequest -->
    </test> <!-- Default test -->
  </suite> <!-- Default suite -->
</testng-results>
